WARNING: A restricted method in java.lang.System has been called
WARNING: java.lang.System::load has been called by net.rubygrapefruit.platform.internal.NativeLibraryLoader in an unnamed module (file:/C:/Users/HP/.gradle/wrapper/dists/gradle-8.5-bin/5t9huq95ubn472n8rpzujfbqh/gradle-8.5/lib/native-platform-0.22-milestone-25.jar)
WARNING: Use --enable-native-access=ALL-UNNAMED to avoid a warning for callers in this module
WARNING: Restricted methods will be blocked in a future release unless native access is enabled


> Configure project :app
WARNING: The option setting 'android.experimental.legacyTransform.forceNonIncremental=true' is experimental.
The current default is 'false'.

> Configure project :vbox-sdk
useNewCruncher has been deprecated. It will be removed in a future version of the gradle plugin. New cruncher is now always enabled.
WARNING: DSL element 'android.lintOptions.check' is obsolete and has been replaced with 'android.lintOptions.checkOnly'.
It will be removed in version 8.0 of the Android Gradle plugin.
`check` has been renamed to `checkOnly` to make it clear that it will turn off all other checks than those explicitly listed. If that is what you actually intended, use `checkOnly`; otherwise switch to `enable`.
WARNING: We recommend using a newer Android Gradle plugin to use compileSdk = 34

This Android Gradle plugin (8.1.0) was tested up to compileSdk = 33 (and compileSdkPreview = "UpsideDownCakePrivacySandbox").

You are strongly encouraged to update your project to use a newer
Android Gradle plugin that has been tested with compileSdk = 34.

If you are already using the latest version of the Android Gradle plugin,
you may need to wait until a newer version with support for compileSdk = 34 is available.

To suppress this warning, add/update
    android.suppressUnsupportedCompileSdk=34
to this project's gradle.properties.

> Task :app:preBuild UP-TO-DATE
> Task :app:preDebugBuild UP-TO-DATE
> Task :app:mergeDebugJniLibFolders UP-TO-DATE
> Task :vbox-sdk:preBuild UP-TO-DATE
> Task :vbox-sdk:preDebugBuild UP-TO-DATE
> Task :vbox-sdk:configureNdkBuildDebug[arm64-v8a]
> Task :vbox-sdk:buildNdkBuildDebug[arm64-v8a]
> Task :vbox-sdk:configureNdkBuildDebug[armeabi-v7a]
> Task :vbox-sdk:buildNdkBuildDebug[armeabi-v7a]
> Task :vbox-sdk:mergeDebugJniLibFolders UP-TO-DATE
> Task :vbox-sdk:mergeDebugNativeLibs UP-TO-DATE
> Task :vbox-sdk:copyDebugJniLibsProjectOnly UP-TO-DATE
> Task :app:mergeDebugNativeLibs UP-TO-DATE
> Task :app:stripDebugDebugSymbols UP-TO-DATE
> Task :app:extractDebugNativeSymbolTables UP-TO-DATE
> Task :app:mergeDebugNativeDebugMetadata UP-TO-DATE
> Task :vbox-sdk:prepareDebugArtProfile UP-TO-DATE
> Task :app:mergeDebugArtProfile UP-TO-DATE
> Task :vbox-sdk:compileDebugAidl UP-TO-DATE
> Task :vbox-sdk:generateDebugResValues UP-TO-DATE
> Task :vbox-sdk:generateDebugResources UP-TO-DATE
> Task :vbox-sdk:packageDebugResources UP-TO-DATE
> Task :vbox-sdk:parseDebugLocalResources UP-TO-DATE
> Task :vbox-sdk:processDebugManifest UP-TO-DATE
> Task :vbox-sdk:generateDebugRFile UP-TO-DATE
> Task :vbox-sdk:javaPreCompileDebug UP-TO-DATE
> Task :vbox-sdk:compileDebugJavaWithJavac UP-TO-DATE
> Task :vbox-sdk:lsparanoidDebug
> Task :app:desugarDebugFileDependencies UP-TO-DATE
> Task :app:buildKotlinToolingMetadata UP-TO-DATE
> Task :app:compileDebugAidl NO-SOURCE
> Task :app:checkKotlinGradlePluginConfigurationErrors
> Task :app:dataBindingMergeDependencyArtifactsDebug UP-TO-DATE
> Task :app:generateDebugResValues UP-TO-DATE
> Task :app:generateDebugResources UP-TO-DATE
> Task :vbox-sdk:bundleLibRuntimeToJarDebug
> Task :app:packageDebugResources
> Task :app:generateDebugBuildConfig UP-TO-DATE
> Task :vbox-sdk:writeDebugAarMetadata UP-TO-DATE
> Task :app:checkDebugAarMetadata UP-TO-DATE
> Task :app:mapDebugSourceSetPaths
> Task :app:createDebugCompatibleScreenManifests UP-TO-DATE
> Task :app:extractDeepLinksDebug UP-TO-DATE
> Task :vbox-sdk:extractDeepLinksDebug UP-TO-DATE
> Task :app:processDebugMainManifest UP-TO-DATE
> Task :app:processDebugManifest UP-TO-DATE
> Task :app:processDebugManifestForPackage UP-TO-DATE
> Task :vbox-sdk:compileDebugLibraryResources UP-TO-DATE
> Task :app:javaPreCompileDebug UP-TO-DATE
> Task :app:parseDebugLocalResources
> Task :app:checkDebugDuplicateClasses UP-TO-DATE
> Task :app:mergeExtDexDebug UP-TO-DATE
> Task :app:mergeDebugShaders UP-TO-DATE
> Task :app:compileDebugShaders NO-SOURCE
> Task :app:generateDebugAssets UP-TO-DATE
> Task :vbox-sdk:mergeDebugShaders UP-TO-DATE
> Task :vbox-sdk:compileDebugShaders NO-SOURCE
> Task :vbox-sdk:generateDebugAssets UP-TO-DATE
> Task :vbox-sdk:packageDebugAssets UP-TO-DATE
> Task :app:mergeDebugResources
> Task :app:mergeDebugAssets UP-TO-DATE
> Task :vbox-sdk:bundleLibCompileToJarDebug
> Task :vbox-sdk:bundleLibRuntimeToDirDebug
> Task :app:dataBindingGenBaseClassesDebug
> Task :app:compressDebugAssets UP-TO-DATE
> Task :vbox-sdk:processDebugJavaRes UP-TO-DATE
> Task :app:collectDebugDependencies UP-TO-DATE
> Task :app:sdkDebugDependencyData UP-TO-DATE
> Task :app:validateSigningDebug UP-TO-DATE
> Task :app:writeDebugAppMetadata UP-TO-DATE
> Task :app:writeDebugSigningConfigVersions UP-TO-DATE
> Task :vbox-sdk:stripDebugDebugSymbols UP-TO-DATE
> Task :vbox-sdk:copyDebugJniLibsProjectAndLocalJars UP-TO-DATE
> Task :vbox-sdk:extractDebugAnnotations UP-TO-DATE
> Task :vbox-sdk:extractDeepLinksForAarDebug UP-TO-DATE
> Task :vbox-sdk:mergeDebugGeneratedProguardFiles UP-TO-DATE
> Task :vbox-sdk:mergeDebugConsumerProguardFiles UP-TO-DATE
> Task :vbox-sdk:prepareLintJarForPublish UP-TO-DATE
> Task :vbox-sdk:mergeDebugJavaResource UP-TO-DATE
> Task :vbox-sdk:syncDebugLibJars
> Task :vbox-sdk:bundleDebugAar
> Task :vbox-sdk:assembleDebug
> Task :app:processDebugResources
> Task :app:optimizeDebugResources

> Task :app:compileDebugKotlin
e: file:///D:/pradip/NEXA-Full-ALL-FIX/app/src/main/java/com/nexa/awesome/view/apps/AppsAdapter.kt:23:21 Unresolved reference: name
e: file:///D:/pradip/NEXA-Full-ALL-FIX/app/src/main/java/com/nexa/awesome/view/apps/AppsAdapter.kt:23:26 Variable expected

> Task :app:compileDebugKotlin FAILED

FAILURE: Build failed with an exception.

* What went wrong:
Execution failed for task ':app:compileDebugKotlin'.
> A failure occurred while executing org.jetbrains.kotlin.compilerRunner.GradleCompilerRunnerWithWorkers$GradleKotlinCompilerWorkAction
   > Compilation error. See log for more details

* Try:
> Run with --stacktrace option to get the stack trace.
> Run with --info or --debug option to get more log output.
> Run with --scan to get full insights.
> Get more help at https://help.gradle.org.

Deprecated Gradle features were used in this build, making it incompatible with Gradle 9.0.

You can use '--warning-mode all' to show the individual deprecation warnings and determine if they come from your own scripts or plugins.

For more on this, please refer to https://docs.gradle.org/8.5/userguide/command_line_interface.html#sec:command_line_warnings in the Gradle documentation.

BUILD FAILED in 26s
73 actionable tasks: 19 executed, 54 up-to-date
